<?xml version="1.0" encoding="UTF-8"?>
<stringtable>
    <info version="1.0" modified="Thu Apr 20 12:02:43 2017" modifiedby="Nicalis"/>
    <languages>
        <language id="21" index="0" name="Key"/>
        <language id="0" index="1" name="English"/>
        <language id="2" index="2" name="Japanese"/>
    </languages>
    <category name="Default">
        <key name="Title_Prompt">
            <string>请按        </string>
            <string> でスタート</string>
        </key>
        <key name="GameMode_Story">
            <string>故事模式</string>
            <string>ストーリーモード</string>
        </key>
        <key name="GameMode_CurlyStory">
            <string>卡莉物语</string>
            <string>カーリーストーリー</string>
        </key>
        <key name="GameMode_MachineGun">
            <string>机枪挑战</string>
            <string>マシンガンチャレンジ</string>
        </key>
        <key name="GameMode_Sanctuary">
            <string>圣域竞速挑战</string>
            <string>聖域タイムアタック</string>
        </key>
        <key name="GameMode_BossAttack">
            <string>Boss突袭</string>
            <string>ボスアタック</string>
        </key>
        <key name="GameMode_Kaze">
            <string>风之要塞</string>
            <string>風要塞</string>
        </key>
        <key name="GameMode_Nemesis">
            <string>复仇女神挑战</string>
            <string>ネメシスチャレンジ</string>
        </key>
        <key name="GameMode_SandPit">
            <string>砂区之坑</string>
            <string>砂場</string>
        </key>
        <key name="MenuOption_Challenges">
            <string>挑战...</string>
            <string>チャレンジ</string>
        </key>
        <key name="MenuOption_Options">
            <string>游戏选项</string>
            <string>オプション</string>
        </key>
        <key name="MenuOption_Jukebox">
            <string>唱片机</string>
            <string>ジュークボックス</string>
        </key>
        <key name="SaveSlot_New">
            <string>新存档</string>
            <string>NEW</string>
        </key>
        <key name="SaveSlot_Delete">
            <string>删除一个存档</string>
            <string>データを消去する</string>
        </key>
        <key name="SaveSlot_DeleteChoose">
            <string>选择要删除的存档</string>
            <string>消去するデータを選択</string>
        </key>
        <key name="SaveSlot_DeleteConfirm">
            <string>确定要删除此存档吗？</string>
            <string>これでいいですか？</string>
        </key>
        <key name="SaveDataCorrupt_Line1">
            <string>存档已损坏。</string>
            <string>セーブファイルが破損されています。</string>
        </key>
        <key name="SaveDataCorrupt_Line2">
            <string>此存档无法使用。</string>
            <string>このファイルは使用できません。</string>
        </key>
        <key name="SaveDataCorrupt_Continue">
            <string>继续但无法保存</string>
            <string>セーブしないで続ける</string>
        </key>
        <key name="SaveDataCorrupt_Delete">
            <string>删除文件</string>
            <string>ファイルを削除</string>
        </key>
        <key name="SaveDataCorrupt_ContinueConfirm_Line1">
            <string>若继续，你将无法保存游戏。</string>
            <string>ゲームを続ける場合、ゲームをセーブできなくなります。</string>
        </key>
        <key name="SaveDataCorrupt_ContinueConfirm_Line2">
            <string>确定要这样做吗？</string>
            <string>続けますか？</string>
        </key>
        <key name="Prompt_Yes">
            <string>是</string>
            <string>はい</string>
        </key>
        <key name="Prompt_No">
            <string>否</string>
            <string>いいえ</string>
        </key>
        <key name="Prompt_Cancel">
            <string>取消</string>
            <string>キャンセル</string>
        </key>
        <key name="GameOption_FlipInput">
            <string>P1 跳跃/射击:</string>
            <string>P1ジャンプ/撃つ：</string>
        </key>
        <key name="GameOption_FlipInputP2">
            <string>P2 跳跃/射击:</string>
            <string>P2ジャンプ/撃つ：</string>
        </key>
        <key name="GameOption_FlipNormal">
            <string>正常</string>
            <string>ノーマル</string>
        </key>
        <key name="GameOption_FlipFlipped">
            <string>反转</string>
            <string>反転</string>
        </key>
        <key name="GameOption_On">
            <string>开</string>
            <string>オン</string>
        </key>
        <key name="GameOption_Off">
            <string>关</string>
            <string>オフ</string>
        </key>
        <key name="GameOption_MusicVolume">
            <string>BGM音量:</string>
            <string>BGM音量：</string>
        </key>
        <key name="GameOption_SoundVolume">
            <string>音效音量:</string>
            <string>サウンド音量：</string>
        </key>
        <key name="GameOption_MusicType">
            <string>音乐:</string>
            <string>音楽：</string>
        </key>
        <key name="GameOption_Language">
            <string>语言:</string>
            <string>言語：</string>
        </key>
        <key name="GameOption_GraphicStyle">
            <string>图像:</string>
            <string>グラフィック：</string>
        </key>
        <key name="GameOption_UnlockNotifications">
            <string>解锁通知:</string>
            <string>解除通知：</string>
        </key>
        <key name="GameOption_SharedHealthBar">
            <string>共享生命值:</string>
            <string>体力ゲージ共用：</string>
        </key>
        <key name="GameOption_2PlayerOptions">
            <string>双人选项</string>
            <string>プレーヤー２　オプション</string>
        </key>
        <key name="GameOption_New">
            <string>洞窟物语+</string>
            <string>Cave Story+</string>
	    </key>
        <key name="GameOption_Multiplayer">
            <string>玩家数量:</string>
            <string>プレイ人数：</string>
        </key>
        <key name="GameOption_Original">
            <string>经典</string>
            <string>クラシック</string>
        </key>
        <key name="GameOption_Difficulty">
            <string>难度:</string>
            <string>難易度：</string>
        </key>
        <key name="GameOption_Speed">
            <string>游戏速度:</string>
            <string>スピード：</string>
        </key>
        <key name="MusicType_Original">
            <string>原版</string>
            <string>オルガーニャ</string>
        </key>
        <key name="MusicType_Remastered">
            <string>重置版</string>
            <string>リマスター</string>
        </key>
        <key name="MusicType_New">
            <string>洞窟物语+</string>
            <string>Cave Story+</string>
        </key>
        <key name="MusicType_Famitracks">
            <string>红白机</string>
            <string>ファミトラック</string>
        </key>
        <key name="MusicType_Ridiculon">
            <string>Ridiculon</string>
            <string>Ridiculon</string>
        </key>
        <key name="Language_English">
            <string>简体中文</string>
            <string>简体中文</string>
        </key>
        <key name="Language_Japanese">
            <string>日语</string>
            <string>日本語</string>
        </key>
        <key name="Multiplayer_Single">
            <string>单人</string>
            <string>１人プレイ</string>
        </key>
        <key name="Multiplayer_Double">
            <string>双人</string>
            <string>２人プレイ</string>
        </key>
        <key name="Difficulty_Easy">
            <string>简单</string>
            <string>Easy</string>
        </key>
        <key name="Difficulty_Original">
            <string>正常</string>
            <string>Original</string>
        </key>
        <key name="Difficulty_Hard">
            <string>困难</string>
            <string>Hard</string>
        </key>
        <key name="Difficulty_Easy_Description">
            <string>初次游玩的最佳选择。</string>
            <string>初めてプレイする方へのベストチョイス</string>
        </key>
        <key name="Difficulty_Original_Description">
            <string>适合熟悉洞窟物语的玩家。</string>
            <string>洞窟物語を熟知している方向け</string>
        </key>
        <key name="Difficulty_Hard_Description">
            <string>不推荐新手挑战。</string>
            <string>初めてプレイする方にはおすすめできません</string>
        </key>
        <key name="NewGame_Start">
            <string>开始游戏</string>
            <string>Game Start</string>
        </key>
        <key name="NewGame_HardModeCancel">
            <string>我好怕！(&gt;_&lt;)</string>
            <string>足がすくんじゃう！</string>
        </key>
        <key name="PauseMenu_Header">
            <string>暂停</string>
            <string>停止</string>
        </key>
        <key name="PauseMenu_Resume">
            <string>继续游戏</string>
            <string>ゲーム再開</string>
        </key>
        <key name="PauseMenu_DropSecondPlayer">
            <string>移除玩家 2</string>
            <string>プレイヤー２をドロップアウト</string>
        </key>
        <key name="PauseMenu_AddSecondPlayer">
            <string>添加玩家 2</string>
			<string>プレイヤー２を追加</string>
        </key>
        <key name="PauseMenu_Restart">
            <string>重新开始</string>
            <string>ゲームを再試行</string>
        </key>
        <key name="PauseMenu_Quit">
            <string>退出游戏</string>
            <string>ゲームを辞める</string>
        </key>
        <key name="PauseMenu_QuitConfirm">
            <string>返回到主菜单？确定吗？？</string>
            <string>メインメニューに戻りますか？本当に？？</string>
        </key>
        <key name="PauseMenu_QuitWarning">
            <string>任何未保存的进度将会消失！</string>
            <string>セーブされてない状態は消えてしまいます！</string>
        </key>
        <key name="Challenge_GameStart">
            <string>开始游戏</string>
            <string>ゲームスタート</string>
        </key>
        <key name="Challenge_ReplayLast">
            <string>回放上次记录</string>
            <string>前回のプレイを再生</string>
        </key>
        <key name="Challenge_ReplayBest">
            <string>回放最佳记录</string>
            <string>ベストプレイを再生</string>
        </key>
        <key name="Challenge_BestTime">
            <string>最佳记录:</string>
            <string>ベストタイム：</string>
        </key>
        <key name="Challenge_ViewRankings">
            <string>查看排行榜</string>
            <string>ランキングを確認</string>
        </key>
        <key name="Replay_Paused">
            <string>(暂停)</string>
            <string>停止</string>
        </key>
        <key name="Replay_Action">
            <string>动作回放</string>
            <string>アクション再生</string>
        </key>
        <key name="Replay_Recording">
            <string>记录回放</string>
            <string>録画再生</string>
        </key>
        <key name="MenuOption_SeasonalArt">
            <string>节日主题图像:</string>
            <string>季節ものアート</string>
        </key>
        <key name="Prompt_ControllerDisconnect1">
            <string>手柄断开连接！</string>
            <string>コントローラーの接続が切れました！</string>
        </key>
        <key name="Prompt_ControllerDisconnect2">
            <string>请重连手柄</string>
            <string>コントローラーを再度接続し、</string>
        </key>
        <key name="Prompt_ControllerDisconnect3">
            <string>长按任意键以继续</string>
            <string>ボタンを押して進めてください</string>
        </key>
        <key name="Prompt_SkipCredits">
            <string>长按任意键以跳过</string>
            <string>好きなボタンを押してスキップ</string>
        </key>
        <key name="Prompt_ExitCredits">
            <string>长按任意键以退出</string>
            <string>好きなボタンを押して終了</string>
        </key>
        <key name="Prompt_SkipCutscene1">
            <string>长按</string>
            <string> </string>
        </key>
        <key name="Prompt_SkipCutscene2">
            <string>跳过剧情</string>
            <string>を押し続け、カットシーンをスキップ</string>
        </key>
        <key name="Leaderboard_Top">
            <string>最佳</string>
            <string>トップ</string>
        </key>
        <key name="Leaderboard_Friends">
            <string>好友</string>
            <string>フレンド</string>
        </key>
        <key name="Leaderboard_Mine">
            <string>我的</string>
            <string>自分</string>
        </key>
        <key name="Leaderboard_Connecting">
            <string>连接中...</string>
            <string>通信中･･･</string>
        </key>
        <key name="Leaderboard_Checking">
            <string>检测记录中...</string>
            <string>スコア確認中･･･</string>
        </key>
        <key name="Leaderboard_Downloading">
            <string>下载记录中...</string>
            <string>スコアをダウンロード中・・・</string>
        </key>
        <key name="Leaderboard_Attaching">
            <string>附加回复中....</string>
            <string>リプレイを添付しております・・・</string>
        </key>
        <key name="Leaderboard_UploadingReplay">
            <string>上传回放数据中...</string>
            <string>リプレイデータをアップロードしております・・・</string>
        </key>
        <key name="Leaderboard_ScoreUploadFailed">
            <string>上传记录失败...</string>
            <string>スコアのアップロードが失敗しました・・・</string>
        </key>
        <key name="Leaderboard_ReplayUploadFailed">
            <string>上传回放失败！</string>
            <string>リプレイのアップロード失敗！</string>
        </key>
        <key name="Leaderboard_UploadingScore">
            <string>上传记录中...</string>
            <string>スコアをアップロードしております・・・</string>
        </key>
        <key name="Leaderboard_ConnectError">
            <string>连接失败。</string>
            <string>通信に失敗しました。</string>
        </key>
        <key name="Leaderboard_UploadError">
            <string>上传中断; 记录未验证。</string>
            <string>アップロードが中断されました。スコアは検証されませんでした。</string>
        </key>
        <key name="Leaderaboard_DownloadLeaderboardError">
            <string>下载排行榜失败。\n(网络连接问题？)</string>
            <string>リーダーボードのダウンロード失敗。\n（インターネット通信に問題あり？）</string>
        </key>
        <key name="Leaderboard_CheckingError">
            <string>查看记录错误</string>
            <string>スコア確認エラー</string>
        </key>
        <key name="Leaderboard_LocateReplayError">
            <string>找不到要上传的回放文件！</string>
            <string>アップロードする再生ファイルが見つかりません！</string>
        </key>
        <key name="Leaderboard_ReplayProcesssingError">
            <string>处理回放数据时出错！</string>
            <string>リプレイデータが処理できませんでした！</string>
        </key>
        <key name="Leaderboard_DownloadReplayError">
            <string>回放下载失败...</string>
            <string>リプレイのダウンロード失敗・・・</string>
        </key>
        <key name="Leaderboard_ReplayCreateError">
            <string>创建本地回放文件失败！</string>
            <string>ローカルリプレイファイルの作成失敗！</string>
        </key>
        <key name="Leaderboard_ReplayWriteError">
            <string>保存回放文件错误！</string>
            <string>リプレイファイルのセーブ失敗！</string>
        </key>
        <key name="Leaderboard_OpenReplayError">
            <string>打开回放文件失败...</string>
            <string>リプレイファイルを開けることができませんでした・・・</string>
        </key>
        <key name="Leaderboard_Error:">
            <string>错误:</string>
            <string>エラー:</string>
        </key>
        <key name="Leaderboard_CancelWarning">
            <string>取消会导致你的记录丢失...</string>
            <string>今キャンセルするとあなたのスコアが無くなってしまいます･･･</string>
        </key>
        <key name="Leaderboard_Retry">
            <string>重试</string>
            <string>リトライ</string>
        </key>
        <key name="Leaderboard_NoScores">
            <string>没有人有记录！</string>
            <string>誰もスコアを取得していません！</string>
        </key>
        <key name="Leaderboard_NoMineScore">
            <string>你没有记录！</string>
            <string>スコアを所持していません！</string>
        </key>
        <key name="Leaderboard_NoFriendScore">
            <string>你和你的好友都没有记录！</string>
            <string>キミもトモダチもスコアを所持してないよ！</string>
        </key>
        <key name="Exit_Replay">
            <string>中止回放并退出到主菜单？</string>
            <string>リプレイを停止し、</string>
        </key>
        <key name="Exit_Replay2">
            <string>  </string>
            <string>メインメニューに戻りますか？</string>
        </key>
        <key name="Unlock_Costume_Curly">
            <string>2P解锁了「卡莉」皮肤！</string>
            <string>２Pのカーリーコスチュームが解除されました！</string>
        </key>
        <key name="Unlock_Costume_King">
            <string>2P解锁了「金」皮肤！</string>
            <string>２Pのキングコスチュームが解除されました！</string>
        </key>
        <key name="Unlock_Costume_Sue">
            <string>2P解锁了「数」皮肤！</string>
            <string>２Pのスーコスチュームが解除されました！</string>
        </key>
        <key name="Unlock_Costume_Booster">
            <string>2P解锁了「布斯特」皮肤！</string>
            <string>２Pのブースターコスチュームが解除されました！</string>
        </key>
        <key name="Unlock_Costume_Toroko">
            <string>2P解锁了「多隆子」皮肤！</string>
            <string>２Pのトロ子コスチュームが解除されました！</string>
        </key>
        <key name="Unlock_Costume_Killer_Robot">
            <string>2P解锁了「杀人机器」皮肤！</string>
            <string>２Pのキラーロボットコスチュームが解除されました！</string>
        </key>
        <key name="Unlock_Costume_Curly_Clone">
            <string>2P解锁了「克隆体卡莉」皮肤！</string>
            <string>２Pのカーリークローンコスチュームが解除されました！</string>
        </key>
    </category>
</stringtable>
